946685649.463107	[helloWorld->]
946685649.565483	[TX->enabled]
946685649.888416	[RX->enabled]
946685661.055013	[exit->]
946685717.834712	[helloWorld->]
946685717.938256	[TX->enabled]
946685718.263192	[RX->enabled]
946685762.564970	[helloWorld->]
946685762.666598	[TX->enabled]
946685762.992537	[RX->enabled]
946685769.499812	[exit->]
946685773.355658	[helloWorld->]
946685773.459512	[TX->enabled]
946685773.787445	[RX->enabled]
946685781.344252	[exit->]
946685811.671931	[appendline->alp sayin
]
946685811.778103	[TX->enabled]
946685811.854978	[wrq_request->linefeed-1:16:51.txt]
946685811.957084	[TX->enabled]
946685812.106054	[RX->enabled]
946685812.240025	[TX->enabled]
946685812.271013	[RX->enabled]
946685812.303991	[connectionclose->timeout]
946685812.404992	[TX->enabled]
946685812.554131	[RX->enabled]
946685812.554770	[exit->]
946685812.731914	[RX->enabled]
946685889.101166	[exit->]
946686022.133473	[appendline->ALP SAYIN]
946686022.240381	[TX->enabled]
946686022.566307	[RX->enabled]
946686025.267893	[RETRANSMIT->data]
946686025.368778	[TX->enabled]
946686025.682710	[RX->enabled]
946686029.397095	[RETRANSMIT->data]
946686029.497976	[TX->enabled]
946686029.811913	[RX->enabled]
946686031.525681	[RETRANSMIT->data]
946686031.626566	[TX->enabled]
946686031.940495	[RX->enabled]
946686034.655071	[RETRANSMIT->data]
946686034.755962	[TX->enabled]
946686035.069893	[RX->enabled]
946686036.783664	[RETRANSMIT->data]
946686036.884548	[TX->enabled]
946686037.198479	[RX->enabled]
946686038.913254	[RETRANSMIT->data]
946686039.015138	[TX->enabled]
946686039.330069	[RX->enabled]
946686041.585999	[helloWorld->]
946686041.687612	[TX->enabled]
946686042.014552	[RX->enabled]
946686042.041627	[RETRANSMIT->data]
946686042.142530	[TX->enabled]
946686042.209763	[wrq_request->linefeed-1:20:22.txt]
946686042.312500	[TX->enabled]
946686042.456463	[RX->enabled]
946686042.557450	[TX->enabled]
946686042.632428	[RX->enabled]
946686042.634204	[connectionclose->timeout]
946686042.735414	[TX->enabled]
946686042.870383	[RX->enabled]
946686042.870565	[exit->]
946686043.059347	[RX->enabled]
946686050.879489	[exit->]
